\BOOKMARK [0][-]{chapter.1}{Introduction}{}% 1
\BOOKMARK [1][-]{section.1.1}{Motivation\040of\040Work}{chapter.1}% 2
\BOOKMARK [1][-]{section.1.2}{Goals}{chapter.1}% 3
\BOOKMARK [1][-]{section.1.3}{Regulatory\040framework}{chapter.1}% 4
\BOOKMARK [0][-]{chapter.2}{Status\040of\040the\040Question}{}% 5
\BOOKMARK [1][-]{section.2.1}{Current\040situation}{chapter.2}% 6
\BOOKMARK [1][-]{section.2.2}{Current\040framework}{chapter.2}% 7
\BOOKMARK [1][-]{section.2.3}{Design\040of\040solutions}{chapter.2}% 8
\BOOKMARK [0][-]{chapter.3}{Analysis\040of\040the\040situation}{}% 9
\BOOKMARK [1][-]{section.3.1}{Description}{chapter.3}% 10
\BOOKMARK [1][-]{section.3.2}{Requirements}{chapter.3}% 11
\BOOKMARK [2][-]{subsection.3.2.1}{First\040level}{section.3.2}% 12
\BOOKMARK [2][-]{subsection.3.2.2}{Second\040level}{section.3.2}% 13
\BOOKMARK [2][-]{subsection.3.2.3}{Legal\040imperatives}{section.3.2}% 14
\BOOKMARK [1][-]{section.3.3}{European\040model\040and\040American\040model}{chapter.3}% 15
\BOOKMARK [0][-]{chapter.4}{Design}{}% 16
\BOOKMARK [1][-]{section.4.1}{Europe}{chapter.4}% 17
\BOOKMARK [1][-]{section.4.2}{America}{chapter.4}% 18
\BOOKMARK [0][-]{chapter.5}{Planning\040and\040Budgeting}{}% 19
\BOOKMARK [0][-]{chapter.6}{Conclusions}{}% 20
\BOOKMARK [1][-]{section.6.1}{Objectives\040met}{chapter.6}% 21
\BOOKMARK [1][-]{section.6.2}{Future\040lines\040of\040work}{chapter.6}% 22
\BOOKMARK [0][-]{section.6.2}{Bibliography}{}% 23
